Mon, 11 Dec 2023 17:03:29 +0100     213.196.183.53     janis     bug     <!DOCTYPE html>
<html>
<?php
// Initialize the session
session_start();
include "config.php";
include "/var/www/html/system0/html/php/login/v3/waf/waf.php";
// Check if the user is logged in, if not then redirect him to login page
if(!isset($_SESSION["loggedin"]) || $_SESSION["loggedin"] !== true){
    header("location: login.php");
    exit;
}
$username=htmlspecialchars($_SESSION["username"]);
?>


<script src="/system0/html/php/login/v3/js/load_page.js"></script>
<script>
function load_user()
{
	$(document).ready(function(){
   	$('#content').load("/system0/html/php/login/v3/html/user_page.php");
	});
	$(document).ready(function(){
   	$('#footer').load("/system0/html/php/login/v3/html/footer.html");
	});
}
function load_admin()
{
	$(document).ready(function(){
   	$('#content').load("/system0/html/php/login/v3/html/admin_page.php");
	});
	$(document).ready(function(){
   	$('#footer').load("/system0/html/php/login/v3/html/footer.html");
	});
}
</script>
<?php
	$role=$_SESSION["role"];
	if($role=="user")
	{
		echo "<script type='text/javascript' >load_user()</script>";
	}
	if($role=="admin")
	{
		echo "<script type='text/javascript' >load_admin()</script>";
	}
?>
<?php 
	$color=$_SESSION["color"]; 
	include "/var/www/html/system0/html/php/login/v3/components.php";
?>
<?php echo(" <body style='background-color:$color'> ");?>
<div id="content"></div>

<head>
  <title>Bug report</title>
</head>
<body>
	<div class="center-container" style="height: 95vh;">
			<div class="container">
			  <div class="container mt-5 text-center">
				<h1>Fehler melden</h1>
				<form method="post" action="bugreport.php?sent">
				  <div class="form-group">
					<label class="my-3" for="bugDescription">Beschreibung des Fehlers:</label>
					<textarea class="form-control mx-auto" id="bugDescription" name="bug" rows="5" style="width:50%;" required></textarea>
				  </div>
				  <div class="form-group">
					<label class="my-3" for="email">Deine Email für weitere Nachfragen (optional)</label>
					<input type="text" class="form-control mx-auto" id="email" name="email" style="width:50%;">
				  </div>
				  <button type="submit" class="btn btn-dark my-5">abschicken</button>
				</form>
				<?php
				  if(isset($_GET["sent"]))
				  {
					$email = htmlspecialchars($_POST["email"]);
					$bug = htmlspecialchars($_POST["bug"]);
					$text = urlencode("JWAF INFORMATION:\nuser: $username;\nemail: $email\nbug: $bug\nEND");
					exec("curl \"https://api.telegram.org/$api/sendMessage?chat_id=$chat_id&text=$text\"");
					  echo '<div class="alert alert-success" role="alert">Vielen Dank, deine Fehlermeldung ist bei uns angekommen und wir kümmern uns darum.</div>';
				  }
				?>
			  </div>
			</div>
		</div>
	<div id="footer"></div>
</body>

</html>     /system0/html/php/login/v3/php/bugreport.php
Mon, 11 Dec 2023 17:06:15 +0100     213.196.183.53     janis     bug     <     /system0/html/php/login/v3/php/bugreport.php
Thu, 18 Jan 2024 17:33:54 +0100     193.72.36.209          username     valid username or password.     /system0/html/php/login/v3/login.php
Thu, 18 Jan 2024 17:34:18 +0100     193.72.36.209          username     ame or password.     /system0/html/php/login/v3/login.php
Thu, 18 Jan 2024 17:35:30 +0100     193.72.36.209          username     Invalid username or password.     /system0/html/php/login/v3/login.php
Mon, 22 Jan 2024 16:51:36 +0100     213.196.183.53          action     create_user     /system0/html/php/login/v3/login.php
Fri, 09 Feb 2024 15:16:58 +0100     37.203.252.255     hans.muster@kantiwattwil.ch     bug     Knopf bei "Freigeben" sollte "Freigeben" statt "Aufräumen heissen. Ansonsten ein Bitzeli verwirrend ;-)     /system0/html/php/login/v3/php/bugreport.php
Fri, 09 Feb 2024 15:18:26 +0100     37.203.252.255     hans.muster@kantiwattwil.ch     bug     Knopf bei "Freigeben" sollte "Freigeben" statt "Aufräumen heissen. Ansonsten ein Bitzeli verwirrend ;-)     /system0/html/php/login/v3/php/bugreport.php
Fri, 09 Feb 2024 15:20:56 +0100     37.203.252.255     hans.muster@kantiwattwil.ch     bug     Knopf bei "Freigeben" sollte "Freigeben" statt "Aufräumen heissen. Ansonsten ein Bitzeli verwirrend     /system0/html/php/login/v3/php/bugreport.php
Fri, 09 Feb 2024 15:21:34 +0100     37.203.252.255     hans.muster@kantiwattwil.ch     bug     Knopf bei "Freigeben" sollte "Freigeben" statt "Aufräumen" heissen. Ansonsten ein Bitzeli verwirrend     /system0/html/php/login/v3/php/bugreport.php
